[2026-01-22 16:06:12 +0800] [3168] [INFO] Starting gunicorn 23.0.0
[2026-01-22 16:06:12 +0800] [3168] [INFO] Listening at: http://0.0.0.0:8000 (3168)
[2026-01-22 16:06:12 +0800] [3168] [INFO] Using worker: sync
[2026-01-22 16:06:12 +0800] [3169] [INFO] Booting worker with pid: 3169
[2026-01-22 16:06:12 +0800] [3169] [ERROR] Exception in worker process
Traceback (most recent call last):
  File "/opt/order_system/venv/lib/python3.10/site-packages/gunicorn/arbiter.py", line 608, in spawn_worker
    worker.init_process()
  File "/opt/order_system/venv/lib/python3.10/site-packages/gunicorn/workers/base.py", line 135, in init_process
    self.load_wsgi()
  File "/opt/order_system/venv/lib/python3.10/site-packages/gunicorn/workers/base.py", line 147, in load_wsgi
    self.wsgi = self.app.wsgi()
  File "/opt/order_system/venv/lib/python3.10/site-packages/gunicorn/app/base.py", line 66, in wsgi
    self.callable = self.load()
  File "/opt/order_system/venv/lib/python3.10/site-packages/gunicorn/app/wsgiapp.py", line 57, in load
    return self.load_wsgiapp()
  File "/opt/order_system/venv/lib/python3.10/site-packages/gunicorn/app/wsgiapp.py", line 47, in load_wsgiapp
    return util.import_app(self.app_uri)
  File "/opt/order_system/venv/lib/python3.10/site-packages/gunicorn/util.py", line 370, in import_app
    mod = importlib.import_module(module)
  File "/usr/local/python3.10/lib/python3.10/importlib/__init__.py", line 126, in import_module
    return _bootstrap._gcd_import(name[level:], package, level)
  File "<frozen importlib._bootstrap>", line 1050, in _gcd_import
  File "<frozen importlib._bootstrap>", line 1027, in _find_and_load
  File "<frozen importlib._bootstrap>", line 1006, in _find_and_load_unlocked
  File "<frozen importlib._bootstrap>", line 688, in _load_unlocked
  File "<frozen importlib._bootstrap_external>", line 883, in exec_module
  File "<frozen importlib._bootstrap>", line 241, in _call_with_frames_removed
  File "/opt/order_system/backend/django_project/wsgi.py", line 16, in <module>
    application = get_wsgi_application()
  File "/opt/order_system/venv/lib/python3.10/site-packages/django/core/wsgi.py", line 12, in get_wsgi_application
    django.setup(set_prefix=False)
  File "/opt/order_system/venv/lib/python3.10/site-packages/django/__init__.py", line 24, in setup
    apps.populate(settings.INSTALLED_APPS)
  File "/opt/order_system/venv/lib/python3.10/site-packages/django/apps/registry.py", line 91, in populate
    app_config = AppConfig.create(entry)
  File "/opt/order_system/venv/lib/python3.10/site-packages/django/apps/config.py", line 224, in create
    import_module(entry)
  File "/usr/local/python3.10/lib/python3.10/importlib/__init__.py", line 126, in import_module
    return _bootstrap._gcd_import(name[level:], package, level)
  File "<frozen importlib._bootstrap>", line 1050, in _gcd_import
  File "<frozen importlib._bootstrap>", line 1027, in _find_and_load
  File "<frozen importlib._bootstrap>", line 1004, in _find_and_load_unlocked
ModuleNotFoundError: No module named 'order'
[2026-01-22 16:06:12 +0800] [3169] [INFO] Worker exiting (pid: 3169)
[2026-01-22 16:06:13 +0800] [3168] [ERROR] Worker (pid:3169) exited with code 3
[2026-01-22 16:06:13 +0800] [3168] [ERROR] Shutting down: Master
[2026-01-22 16:06:13 +0800] [3168] [ERROR] Reason: Worker failed to boot.
[2026-01-22 16:06:23 +0800] [3374] [INFO] Starting gunicorn 23.0.0
[2026-01-22 16:06:23 +0800] [3374] [INFO] Listening at: http://0.0.0.0:8000 (3374)
[2026-01-22 16:06:23 +0800] [3374] [INFO] Using worker: sync
[2026-01-22 16:06:23 +0800] [3375] [INFO] Booting worker with pid: 3375
[2026-01-22 16:06:23 +0800] [3375] [ERROR] Exception in worker process
Traceback (most recent call last):
  File "/opt/order_system/venv/lib/python3.10/site-packages/gunicorn/arbiter.py", line 608, in spawn_worker
    worker.init_process()
  File "/opt/order_system/venv/lib/python3.10/site-packages/gunicorn/workers/base.py", line 135, in init_process
    self.load_wsgi()
  File "/opt/order_system/venv/lib/python3.10/site-packages/gunicorn/workers/base.py", line 147, in load_wsgi
    self.wsgi = self.app.wsgi()
  File "/opt/order_system/venv/lib/python3.10/site-packages/gunicorn/app/base.py", line 66, in wsgi
    self.callable = self.load()
  File "/opt/order_system/venv/lib/python3.10/site-packages/gunicorn/app/wsgiapp.py", line 57, in load
    return self.load_wsgiapp()
  File "/opt/order_system/venv/lib/python3.10/site-packages/gunicorn/app/wsgiapp.py", line 47, in load_wsgiapp
    return util.import_app(self.app_uri)
  File "/opt/order_system/venv/lib/python3.10/site-packages/gunicorn/util.py", line 370, in import_app
    mod = importlib.import_module(module)
  File "/usr/local/python3.10/lib/python3.10/importlib/__init__.py", line 126, in import_module
    return _bootstrap._gcd_import(name[level:], package, level)
  File "<frozen importlib._bootstrap>", line 1050, in _gcd_import
  File "<frozen importlib._bootstrap>", line 1027, in _find_and_load
  File "<frozen importlib._bootstrap>", line 1006, in _find_and_load_unlocked
  File "<frozen importlib._bootstrap>", line 688, in _load_unlocked
  File "<frozen importlib._bootstrap_external>", line 883, in exec_module
  File "<frozen importlib._bootstrap>", line 241, in _call_with_frames_removed
  File "/opt/order_system/backend/django_project/wsgi.py", line 16, in <module>
    application = get_wsgi_application()
  File "/opt/order_system/venv/lib/python3.10/site-packages/django/core/wsgi.py", line 12, in get_wsgi_application
    django.setup(set_prefix=False)
  File "/opt/order_system/venv/lib/python3.10/site-packages/django/__init__.py", line 24, in setup
    apps.populate(settings.INSTALLED_APPS)
  File "/opt/order_system/venv/lib/python3.10/site-packages/django/apps/registry.py", line 91, in populate
    app_config = AppConfig.create(entry)
  File "/opt/order_system/venv/lib/python3.10/site-packages/django/apps/config.py", line 224, in create
    import_module(entry)
  File "/usr/local/python3.10/lib/python3.10/importlib/__init__.py", line 126, in import_module
    return _bootstrap._gcd_import(name[level:], package, level)
  File "<frozen importlib._bootstrap>", line 1050, in _gcd_import
  File "<frozen importlib._bootstrap>", line 1027, in _find_and_load
  File "<frozen importlib._bootstrap>", line 1004, in _find_and_load_unlocked
ModuleNotFoundError: No module named 'order'
[2026-01-22 16:06:23 +0800] [3375] [INFO] Worker exiting (pid: 3375)
[2026-01-22 16:06:23 +0800] [3374] [ERROR] Worker (pid:3375) exited with code 3
[2026-01-22 16:06:23 +0800] [3374] [ERROR] Shutting down: Master
[2026-01-22 16:06:23 +0800] [3374] [ERROR] Reason: Worker failed to boot.
[2026-01-22 19:05:02 +0800] [7076] [INFO] Starting gunicorn 23.0.0
[2026-01-22 19:05:02 +0800] [7076] [ERROR] Connection in use: ('0.0.0.0', 8000)
[2026-01-22 19:05:02 +0800] [7076] [ERROR] connection to ('0.0.0.0', 8000) failed: [Errno 98] Address already in use
[2026-01-22 19:05:03 +0800] [7076] [ERROR] Connection in use: ('0.0.0.0', 8000)
[2026-01-22 19:05:03 +0800] [7076] [ERROR] connection to ('0.0.0.0', 8000) failed: [Errno 98] Address already in use
[2026-01-22 19:05:04 +0800] [7076] [ERROR] Connection in use: ('0.0.0.0', 8000)
[2026-01-22 19:05:04 +0800] [7076] [ERROR] connection to ('0.0.0.0', 8000) failed: [Errno 98] Address already in use
[2026-01-22 19:05:05 +0800] [7076] [ERROR] Connection in use: ('0.0.0.0', 8000)
[2026-01-22 19:05:05 +0800] [7076] [ERROR] connection to ('0.0.0.0', 8000) failed: [Errno 98] Address already in use
[2026-01-22 19:05:06 +0800] [7076] [ERROR] Connection in use: ('0.0.0.0', 8000)
[2026-01-22 19:05:06 +0800] [7076] [ERROR] connection to ('0.0.0.0', 8000) failed: [Errno 98] Address already in use
[2026-01-22 19:05:07 +0800] [7076] [ERROR] Can't connect to ('0.0.0.0', 8000)
Invalid HTTP_HOST header: 'azenv.net'. You may need to add 'azenv.net' to ALLOWED_HOSTS.
Invalid HTTP_HOST header: '0.0.0.0:8000'. You may need to add '0.0.0.0' to ALLOWED_HOSTS.
Invalid HTTP_HOST header: '0.0.0.0:8000'. You may need to add '0.0.0.0' to ALLOWED_HOSTS.
Invalid HTTP_HOST header: 'azenv.net'. You may need to add 'azenv.net' to ALLOWED_HOSTS.
Invalid HTTP_HOST header: 'azenv.net'. You may need to add 'azenv.net' to ALLOWED_HOSTS.
Invalid HTTP_HOST header: 'azenv.net'. You may need to add 'azenv.net' to ALLOWED_HOSTS.
Invalid HTTP_HOST header: 'api.ipify.org:443'. You may need to add 'api.ipify.org' to ALLOWED_HOSTS.
Invalid HTTP_HOST header: 'api.ipify.org:443'. You may need to add 'api.ipify.org' to ALLOWED_HOSTS.
Invalid HTTP_HOST header: 'api.ipify.org:443'. You may need to add 'api.ipify.org' to ALLOWED_HOSTS.
Invalid HTTP_HOST header: 'api.ipify.org:443'. You may need to add 'api.ipify.org' to ALLOWED_HOSTS.
Invalid HTTP_HOST header: 'api.ipify.org:443'. You may need to add 'api.ipify.org' to ALLOWED_HOSTS.
Invalid HTTP_HOST header: 'api.ipify.org:443'. You may need to add 'api.ipify.org' to ALLOWED_HOSTS.
Invalid HTTP_HOST header: 'api.ipify.org:443'. You may need to add 'api.ipify.org' to ALLOWED_HOSTS.
Invalid HTTP_HOST header: 'api.ipify.org:443'. You may need to add 'api.ipify.org' to ALLOWED_HOSTS.
Invalid HTTP_HOST header: 'azenv.net'. You may need to add 'azenv.net' to ALLOWED_HOSTS.
Invalid HTTP_HOST header: 'passport.baidu.com:80'. You may need to add 'passport.baidu.com' to ALLOWED_HOSTS.
Invalid HTTP_HOST header: 'api.ipify.org'. You may need to add 'api.ipify.org' to ALLOWED_HOSTS.
Invalid HTTP_HOST header: 'www.shadowserver.org'. You may need to add 'www.shadowserver.org' to ALLOWED_HOSTS.
Invalid HTTP_HOST header: 'azenv.net'. You may need to add 'azenv.net' to ALLOWED_HOSTS.
Invalid HTTP_HOST header: '0.0.0.0:8000'. You may need to add '0.0.0.0' to ALLOWED_HOSTS.
Invalid HTTP_HOST header: '0.0.0.0:8000'. You may need to add '0.0.0.0' to ALLOWED_HOSTS.
Invalid HTTP_HOST header: '0.0.0.0:8000'. You may need to add '0.0.0.0' to ALLOWED_HOSTS.
Invalid HTTP_HOST header: 'www.google.com'. You may need to add 'www.google.com' to ALLOWED_HOSTS.
Invalid HTTP_HOST header: 'www'. You may need to add 'www' to ALLOWED_HOSTS.
Invalid HTTP_HOST header: 'www.google.com'. You may need to add 'www.google.com' to ALLOWED_HOSTS.
Invalid HTTP_HOST header: '0.0.0.0:8000'. You may need to add '0.0.0.0' to ALLOWED_HOSTS.
Invalid HTTP_HOST header: 'ossweb-img.qq.com'. You may need to add 'ossweb-img.qq.com' to ALLOWED_HOSTS.
Invalid HTTP_HOST header: 'passport.baidu.com:80'. You may need to add 'passport.baidu.com' to ALLOWED_HOSTS.
Invalid HTTP_HOST header: 'www.exxen.com:443'. You may need to add 'www.exxen.com' to ALLOWED_HOSTS.
Invalid HTTP_HOST header: 'ifconfig.cc:80'. You may need to add 'ifconfig.cc' to ALLOWED_HOSTS.
Invalid HTTP_HOST header: 'ifconfig.cc'. You may need to add 'ifconfig.cc' to ALLOWED_HOSTS.
Invalid HTTP_HOST header: 'azenv.net'. You may need to add 'azenv.net' to ALLOWED_HOSTS.
Invalid HTTP_HOST header: 'azenv.net'. You may need to add 'azenv.net' to ALLOWED_HOSTS.
Invalid HTTP_HOST header: 'ossweb-img.qq.com'. You may need to add 'ossweb-img.qq.com' to ALLOWED_HOSTS.
Invalid HTTP_HOST header: 'api.ipify.org'. You may need to add 'api.ipify.org' to ALLOWED_HOSTS.
Invalid HTTP_HOST header: 'www.shadowserver.org'. You may need to add 'www.shadowserver.org' to ALLOWED_HOSTS.
Invalid HTTP_HOST header: 'azenv.net'. You may need to add 'azenv.net' to ALLOWED_HOSTS.
Invalid HTTP_HOST header: 'azenv.net'. You may need to add 'azenv.net' to ALLOWED_HOSTS.
Internal Server Error: /
Traceback (most recent call last):
  File "/opt/order_system/venv/lib/python3.10/site-packages/django/core/handlers/exception.py", line 47, in inner
    response = get_response(request)
  File "/opt/order_system/venv/lib/python3.10/site-packages/django/core/handlers/base.py", line 167, in _get_response
    callback, callback_args, callback_kwargs = self.resolve_request(request)
  File "/opt/order_system/venv/lib/python3.10/site-packages/django/core/handlers/base.py", line 290, in resolve_request
    resolver_match = resolver.resolve(request.path_info)
  File "/opt/order_system/venv/lib/python3.10/site-packages/django/urls/resolvers.py", line 560, in resolve
    for pattern in self.url_patterns:
  File "/opt/order_system/venv/lib/python3.10/site-packages/django/utils/functional.py", line 48, in __get__
    res = instance.__dict__[self.name] = self.func(instance)
  File "/opt/order_system/venv/lib/python3.10/site-packages/django/urls/resolvers.py", line 602, in url_patterns
    patterns = getattr(self.urlconf_module, "urlpatterns", self.urlconf_module)
  File "/opt/order_system/venv/lib/python3.10/site-packages/django/utils/functional.py", line 48, in __get__
    res = instance.__dict__[self.name] = self.func(instance)
  File "/opt/order_system/venv/lib/python3.10/site-packages/django/urls/resolvers.py", line 595, in urlconf_module
    return import_module(self.urlconf_name)
  File "/usr/local/python3.10/lib/python3.10/importlib/__init__.py", line 126, in import_module
    return _bootstrap._gcd_import(name[level:], package, level)
  File "<frozen importlib._bootstrap>", line 1050, in _gcd_import
  File "<frozen importlib._bootstrap>", line 1027, in _find_and_load
  File "<frozen importlib._bootstrap>", line 1006, in _find_and_load_unlocked
  File "<frozen importlib._bootstrap>", line 688, in _load_unlocked
  File "<frozen importlib._bootstrap_external>", line 883, in exec_module
  File "<frozen importlib._bootstrap>", line 241, in _call_with_frames_removed
  File "/opt/order_system/backend/django_project/urls.py", line 42, in <module>
    path('test-ocr-connection/', views.test_ocr_connection, name='test_ocr_connection'),
NameError: name 'views' is not defined
Internal Server Error: /api/check-auth/
Traceback (most recent call last):
  File "/opt/order_system/venv/lib/python3.10/site-packages/django/core/handlers/exception.py", line 47, in inner
    response = get_response(request)
  File "/opt/order_system/venv/lib/python3.10/site-packages/django/core/handlers/base.py", line 167, in _get_response
    callback, callback_args, callback_kwargs = self.resolve_request(request)
  File "/opt/order_system/venv/lib/python3.10/site-packages/django/core/handlers/base.py", line 290, in resolve_request
    resolver_match = resolver.resolve(request.path_info)
  File "/opt/order_system/venv/lib/python3.10/site-packages/django/urls/resolvers.py", line 560, in resolve
    for pattern in self.url_patterns:
  File "/opt/order_system/venv/lib/python3.10/site-packages/django/utils/functional.py", line 48, in __get__
    res = instance.__dict__[self.name] = self.func(instance)
  File "/opt/order_system/venv/lib/python3.10/site-packages/django/urls/resolvers.py", line 602, in url_patterns
    patterns = getattr(self.urlconf_module, "urlpatterns", self.urlconf_module)
  File "/opt/order_system/venv/lib/python3.10/site-packages/django/utils/functional.py", line 48, in __get__
    res = instance.__dict__[self.name] = self.func(instance)
  File "/opt/order_system/venv/lib/python3.10/site-packages/django/urls/resolvers.py", line 595, in urlconf_module
    return import_module(self.urlconf_name)
  File "/usr/local/python3.10/lib/python3.10/importlib/__init__.py", line 126, in import_module
    return _bootstrap._gcd_import(name[level:], package, level)
  File "<frozen importlib._bootstrap>", line 1050, in _gcd_import
  File "<frozen importlib._bootstrap>", line 1027, in _find_and_load
  File "<frozen importlib._bootstrap>", line 1006, in _find_and_load_unlocked
  File "<frozen importlib._bootstrap>", line 688, in _load_unlocked
  File "<frozen importlib._bootstrap_external>", line 883, in exec_module
  File "<frozen importlib._bootstrap>", line 241, in _call_with_frames_removed
  File "/opt/order_system/backend/django_project/urls.py", line 42, in <module>
    path('test-ocr-connection/', views.test_ocr_connection, name='test_ocr_connection'),
NameError: name 'views' is not defined
Internal Server Error: /
Traceback (most recent call last):
  File "/opt/order_system/venv/lib/python3.10/site-packages/django/core/handlers/exception.py", line 47, in inner
    response = get_response(request)
  File "/opt/order_system/venv/lib/python3.10/site-packages/django/core/handlers/base.py", line 167, in _get_response
    callback, callback_args, callback_kwargs = self.resolve_request(request)
  File "/opt/order_system/venv/lib/python3.10/site-packages/django/core/handlers/base.py", line 290, in resolve_request
    resolver_match = resolver.resolve(request.path_info)
  File "/opt/order_system/venv/lib/python3.10/site-packages/django/urls/resolvers.py", line 560, in resolve
    for pattern in self.url_patterns:
  File "/opt/order_system/venv/lib/python3.10/site-packages/django/utils/functional.py", line 48, in __get__
    res = instance.__dict__[self.name] = self.func(instance)
  File "/opt/order_system/venv/lib/python3.10/site-packages/django/urls/resolvers.py", line 602, in url_patterns
    patterns = getattr(self.urlconf_module, "urlpatterns", self.urlconf_module)
  File "/opt/order_system/venv/lib/python3.10/site-packages/django/utils/functional.py", line 48, in __get__
    res = instance.__dict__[self.name] = self.func(instance)
  File "/opt/order_system/venv/lib/python3.10/site-packages/django/urls/resolvers.py", line 595, in urlconf_module
    return import_module(self.urlconf_name)
  File "/usr/local/python3.10/lib/python3.10/importlib/__init__.py", line 126, in import_module
    return _bootstrap._gcd_import(name[level:], package, level)
  File "<frozen importlib._bootstrap>", line 1050, in _gcd_import
  File "<frozen importlib._bootstrap>", line 1027, in _find_and_load
  File "<frozen importlib._bootstrap>", line 1006, in _find_and_load_unlocked
  File "<frozen importlib._bootstrap>", line 688, in _load_unlocked
  File "<frozen importlib._bootstrap_external>", line 883, in exec_module
  File "<frozen importlib._bootstrap>", line 241, in _call_with_frames_removed
  File "/opt/order_system/backend/django_project/urls.py", line 42, in <module>
    path('test-ocr-connection/', views.test_ocr_connection, name='test_ocr_connection'),
NameError: name 'views' is not defined
Internal Server Error: /
Traceback (most recent call last):
  File "/opt/order_system/venv/lib/python3.10/site-packages/django/core/handlers/exception.py", line 47, in inner
    response = get_response(request)
  File "/opt/order_system/venv/lib/python3.10/site-packages/django/core/handlers/base.py", line 167, in _get_response
    callback, callback_args, callback_kwargs = self.resolve_request(request)
  File "/opt/order_system/venv/lib/python3.10/site-packages/django/core/handlers/base.py", line 290, in resolve_request
    resolver_match = resolver.resolve(request.path_info)
  File "/opt/order_system/venv/lib/python3.10/site-packages/django/urls/resolvers.py", line 560, in resolve
    for pattern in self.url_patterns:
  File "/opt/order_system/venv/lib/python3.10/site-packages/django/utils/functional.py", line 48, in __get__
    res = instance.__dict__[self.name] = self.func(instance)
  File "/opt/order_system/venv/lib/python3.10/site-packages/django/urls/resolvers.py", line 602, in url_patterns
    patterns = getattr(self.urlconf_module, "urlpatterns", self.urlconf_module)
  File "/opt/order_system/venv/lib/python3.10/site-packages/django/utils/functional.py", line 48, in __get__
    res = instance.__dict__[self.name] = self.func(instance)
  File "/opt/order_system/venv/lib/python3.10/site-packages/django/urls/resolvers.py", line 595, in urlconf_module
    return import_module(self.urlconf_name)
  File "/usr/local/python3.10/lib/python3.10/importlib/__init__.py", line 126, in import_module
    return _bootstrap._gcd_import(name[level:], package, level)
  File "<frozen importlib._bootstrap>", line 1050, in _gcd_import
  File "<frozen importlib._bootstrap>", line 1027, in _find_and_load
  File "<frozen importlib._bootstrap>", line 1006, in _find_and_load_unlocked
  File "<frozen importlib._bootstrap>", line 688, in _load_unlocked
  File "<frozen importlib._bootstrap_external>", line 883, in exec_module
  File "<frozen importlib._bootstrap>", line 241, in _call_with_frames_removed
  File "/opt/order_system/backend/django_project/urls.py", line 42, in <module>
    path('test-ocr-connection/', views.test_ocr_connection, name='test_ocr_connection'),
NameError: name 'views' is not defined
Internal Server Error: /
Traceback (most recent call last):
  File "/opt/order_system/venv/lib/python3.10/site-packages/django/core/handlers/exception.py", line 47, in inner
    response = get_response(request)
  File "/opt/order_system/venv/lib/python3.10/site-packages/django/core/handlers/base.py", line 167, in _get_response
    callback, callback_args, callback_kwargs = self.resolve_request(request)
  File "/opt/order_system/venv/lib/python3.10/site-packages/django/core/handlers/base.py", line 290, in resolve_request
    resolver_match = resolver.resolve(request.path_info)
  File "/opt/order_system/venv/lib/python3.10/site-packages/django/urls/resolvers.py", line 560, in resolve
    for pattern in self.url_patterns:
  File "/opt/order_system/venv/lib/python3.10/site-packages/django/utils/functional.py", line 48, in __get__
    res = instance.__dict__[self.name] = self.func(instance)
  File "/opt/order_system/venv/lib/python3.10/site-packages/django/urls/resolvers.py", line 602, in url_patterns
    patterns = getattr(self.urlconf_module, "urlpatterns", self.urlconf_module)
  File "/opt/order_system/venv/lib/python3.10/site-packages/django/utils/functional.py", line 48, in __get__
    res = instance.__dict__[self.name] = self.func(instance)
  File "/opt/order_system/venv/lib/python3.10/site-packages/django/urls/resolvers.py", line 595, in urlconf_module
    return import_module(self.urlconf_name)
  File "/usr/local/python3.10/lib/python3.10/importlib/__init__.py", line 126, in import_module
    return _bootstrap._gcd_import(name[level:], package, level)
  File "<frozen importlib._bootstrap>", line 1050, in _gcd_import
  File "<frozen importlib._bootstrap>", line 1027, in _find_and_load
  File "<frozen importlib._bootstrap>", line 1006, in _find_and_load_unlocked
  File "<frozen importlib._bootstrap>", line 688, in _load_unlocked
  File "<frozen importlib._bootstrap_external>", line 883, in exec_module
  File "<frozen importlib._bootstrap>", line 241, in _call_with_frames_removed
  File "/opt/order_system/backend/django_project/urls.py", line 42, in <module>
    path('test-ocr-connection/', views.test_ocr_connection, name='test_ocr_connection'),
NameError: name 'views' is not defined
Internal Server Error: /
Traceback (most recent call last):
  File "/opt/order_system/venv/lib/python3.10/site-packages/django/core/handlers/exception.py", line 47, in inner
    response = get_response(request)
  File "/opt/order_system/venv/lib/python3.10/site-packages/django/core/handlers/base.py", line 167, in _get_response
    callback, callback_args, callback_kwargs = self.resolve_request(request)
  File "/opt/order_system/venv/lib/python3.10/site-packages/django/core/handlers/base.py", line 290, in resolve_request
    resolver_match = resolver.resolve(request.path_info)
  File "/opt/order_system/venv/lib/python3.10/site-packages/django/urls/resolvers.py", line 560, in resolve
    for pattern in self.url_patterns:
  File "/opt/order_system/venv/lib/python3.10/site-packages/django/utils/functional.py", line 48, in __get__
    res = instance.__dict__[self.name] = self.func(instance)
  File "/opt/order_system/venv/lib/python3.10/site-packages/django/urls/resolvers.py", line 602, in url_patterns
    patterns = getattr(self.urlconf_module, "urlpatterns", self.urlconf_module)
  File "/opt/order_system/venv/lib/python3.10/site-packages/django/utils/functional.py", line 48, in __get__
    res = instance.__dict__[self.name] = self.func(instance)
  File "/opt/order_system/venv/lib/python3.10/site-packages/django/urls/resolvers.py", line 595, in urlconf_module
    return import_module(self.urlconf_name)
  File "/usr/local/python3.10/lib/python3.10/importlib/__init__.py", line 126, in import_module
    return _bootstrap._gcd_import(name[level:], package, level)
  File "<frozen importlib._bootstrap>", line 1050, in _gcd_import
  File "<frozen importlib._bootstrap>", line 1027, in _find_and_load
  File "<frozen importlib._bootstrap>", line 1006, in _find_and_load_unlocked
  File "<frozen importlib._bootstrap>", line 688, in _load_unlocked
  File "<frozen importlib._bootstrap_external>", line 883, in exec_module
  File "<frozen importlib._bootstrap>", line 241, in _call_with_frames_removed
  File "/opt/order_system/backend/django_project/urls.py", line 42, in <module>
    path('simple-ocr-test/', views.simple_ocr_upload, name='simple_ocr_test'),
NameError: name 'views' is not defined
Internal Server Error: /api/login/
Traceback (most recent call last):
  File "/opt/order_system/venv/lib/python3.10/site-packages/django/core/handlers/exception.py", line 47, in inner
    response = get_response(request)
  File "/opt/order_system/venv/lib/python3.10/site-packages/django/core/handlers/base.py", line 167, in _get_response
    callback, callback_args, callback_kwargs = self.resolve_request(request)
  File "/opt/order_system/venv/lib/python3.10/site-packages/django/core/handlers/base.py", line 290, in resolve_request
    resolver_match = resolver.resolve(request.path_info)
  File "/opt/order_system/venv/lib/python3.10/site-packages/django/urls/resolvers.py", line 560, in resolve
    for pattern in self.url_patterns:
  File "/opt/order_system/venv/lib/python3.10/site-packages/django/utils/functional.py", line 48, in __get__
    res = instance.__dict__[self.name] = self.func(instance)
  File "/opt/order_system/venv/lib/python3.10/site-packages/django/urls/resolvers.py", line 602, in url_patterns
    patterns = getattr(self.urlconf_module, "urlpatterns", self.urlconf_module)
  File "/opt/order_system/venv/lib/python3.10/site-packages/django/utils/functional.py", line 48, in __get__
    res = instance.__dict__[self.name] = self.func(instance)
  File "/opt/order_system/venv/lib/python3.10/site-packages/django/urls/resolvers.py", line 595, in urlconf_module
    return import_module(self.urlconf_name)
  File "/usr/local/python3.10/lib/python3.10/importlib/__init__.py", line 126, in import_module
    return _bootstrap._gcd_import(name[level:], package, level)
  File "<frozen importlib._bootstrap>", line 1050, in _gcd_import
  File "<frozen importlib._bootstrap>", line 1027, in _find_and_load
  File "<frozen importlib._bootstrap>", line 1006, in _find_and_load_unlocked
  File "<frozen importlib._bootstrap>", line 688, in _load_unlocked
  File "<frozen importlib._bootstrap_external>", line 883, in exec_module
  File "<frozen importlib._bootstrap>", line 241, in _call_with_frames_removed
  File "/opt/order_system/backend/django_project/urls.py", line 42, in <module>
    path('simple-ocr-test/', views.simple_ocr_upload, name='simple_ocr_test'),
NameError: name 'views' is not defined
Invalid HTTP_HOST header: 'azenv.net'. You may need to add 'azenv.net' to ALLOWED_HOSTS.
Invalid HTTP_HOST header: 'azenv.net'. You may need to add 'azenv.net' to ALLOWED_HOSTS.
Invalid HTTP_HOST header: '0.0.0.0:8000'. You may need to add '0.0.0.0' to ALLOWED_HOSTS.
Invalid HTTP_HOST header: 'ipinfo.io'. You may need to add 'ipinfo.io' to ALLOWED_HOSTS.
Invalid HTTP_HOST header: 'azenv.net'. You may need to add 'azenv.net' to ALLOWED_HOSTS.
Invalid HTTP_HOST header: 'azenv.net'. You may need to add 'azenv.net' to ALLOWED_HOSTS.
Invalid HTTP_HOST header: 'azenv.net'. You may need to add 'azenv.net' to ALLOWED_HOSTS.
Traceback (most recent call last):
  File "/opt/order_system/venv/lib/python3.10/site-packages/django/core/handlers/exception.py", line 55, in inner
    response = get_response(request)
  File "/opt/order_system/venv/lib/python3.10/site-packages/django/utils/deprecation.py", line 119, in __call__
    response = self.process_request(request)
  File "/opt/order_system/venv/lib/python3.10/site-packages/django/middleware/common.py", line 48, in process_request
    host = request.get_host()
  File "/opt/order_system/venv/lib/python3.10/site-packages/django/http/request.py", line 202, in get_host
    raise DisallowedHost(msg)
django.core.exceptions.DisallowedHost: Invalid HTTP_HOST header: 'azenv.net'. You may need to add 'azenv.net' to ALLOWED_HOSTS.
Invalid HTTP_HOST header: 'azenv.net'. You may need to add 'azenv.net' to ALLOWED_HOSTS.
Traceback (most recent call last):
  File "/opt/order_system/venv/lib/python3.10/site-packages/django/core/handlers/exception.py", line 55, in inner
    response = get_response(request)
  File "/opt/order_system/venv/lib/python3.10/site-packages/django/utils/deprecation.py", line 119, in __call__
    response = self.process_request(request)
  File "/opt/order_system/venv/lib/python3.10/site-packages/django/middleware/common.py", line 48, in process_request
    host = request.get_host()
  File "/opt/order_system/venv/lib/python3.10/site-packages/django/http/request.py", line 202, in get_host
    raise DisallowedHost(msg)
django.core.exceptions.DisallowedHost: Invalid HTTP_HOST header: 'azenv.net'. You may need to add 'azenv.net' to ALLOWED_HOSTS.
Invalid HTTP_HOST header: 'azenv.net'. You may need to add 'azenv.net' to ALLOWED_HOSTS.
Traceback (most recent call last):
  File "/opt/order_system/venv/lib/python3.10/site-packages/django/core/handlers/exception.py", line 55, in inner
    response = get_response(request)
  File "/opt/order_system/venv/lib/python3.10/site-packages/django/utils/deprecation.py", line 119, in __call__
    response = self.process_request(request)
  File "/opt/order_system/venv/lib/python3.10/site-packages/django/middleware/common.py", line 48, in process_request
    host = request.get_host()
  File "/opt/order_system/venv/lib/python3.10/site-packages/django/http/request.py", line 202, in get_host
    raise DisallowedHost(msg)
django.core.exceptions.DisallowedHost: Invalid HTTP_HOST header: 'azenv.net'. You may need to add 'azenv.net' to ALLOWED_HOSTS.
Invalid HTTP_HOST header: 'azenv.net'. You may need to add 'azenv.net' to ALLOWED_HOSTS.
Traceback (most recent call last):
  File "/opt/order_system/venv/lib/python3.10/site-packages/django/core/handlers/exception.py", line 55, in inner
    response = get_response(request)
  File "/opt/order_system/venv/lib/python3.10/site-packages/django/utils/deprecation.py", line 119, in __call__
    response = self.process_request(request)
  File "/opt/order_system/venv/lib/python3.10/site-packages/django/middleware/common.py", line 48, in process_request
    host = request.get_host()
  File "/opt/order_system/venv/lib/python3.10/site-packages/django/http/request.py", line 202, in get_host
    raise DisallowedHost(msg)
django.core.exceptions.DisallowedHost: Invalid HTTP_HOST header: 'azenv.net'. You may need to add 'azenv.net' to ALLOWED_HOSTS.
Invalid HTTP_HOST header: 'ossweb-img.qq.com'. You may need to add 'ossweb-img.qq.com' to ALLOWED_HOSTS.
Traceback (most recent call last):
  File "/opt/order_system/venv/lib/python3.10/site-packages/django/core/handlers/exception.py", line 55, in inner
    response = get_response(request)
  File "/opt/order_system/venv/lib/python3.10/site-packages/django/utils/deprecation.py", line 119, in __call__
    response = self.process_request(request)
  File "/opt/order_system/venv/lib/python3.10/site-packages/django/middleware/common.py", line 48, in process_request
    host = request.get_host()
  File "/opt/order_system/venv/lib/python3.10/site-packages/django/http/request.py", line 202, in get_host
    raise DisallowedHost(msg)
django.core.exceptions.DisallowedHost: Invalid HTTP_HOST header: 'ossweb-img.qq.com'. You may need to add 'ossweb-img.qq.com' to ALLOWED_HOSTS.
Invalid HTTP_HOST header: 'azenv.net'. You may need to add 'azenv.net' to ALLOWED_HOSTS.
Traceback (most recent call last):
  File "/opt/order_system/venv/lib/python3.10/site-packages/django/core/handlers/exception.py", line 55, in inner
    response = get_response(request)
  File "/opt/order_system/venv/lib/python3.10/site-packages/django/utils/deprecation.py", line 119, in __call__
    response = self.process_request(request)
  File "/opt/order_system/venv/lib/python3.10/site-packages/django/middleware/common.py", line 48, in process_request
    host = request.get_host()
  File "/opt/order_system/venv/lib/python3.10/site-packages/django/http/request.py", line 202, in get_host
    raise DisallowedHost(msg)
django.core.exceptions.DisallowedHost: Invalid HTTP_HOST header: 'azenv.net'. You may need to add 'azenv.net' to ALLOWED_HOSTS.
Invalid HTTP_HOST header: 'azenv.net'. You may need to add 'azenv.net' to ALLOWED_HOSTS.
Traceback (most recent call last):
  File "/opt/order_system/venv/lib/python3.10/site-packages/django/core/handlers/exception.py", line 55, in inner
    response = get_response(request)
  File "/opt/order_system/venv/lib/python3.10/site-packages/django/utils/deprecation.py", line 119, in __call__
    response = self.process_request(request)
  File "/opt/order_system/venv/lib/python3.10/site-packages/django/middleware/common.py", line 48, in process_request
    host = request.get_host()
  File "/opt/order_system/venv/lib/python3.10/site-packages/django/http/request.py", line 202, in get_host
    raise DisallowedHost(msg)
django.core.exceptions.DisallowedHost: Invalid HTTP_HOST header: 'azenv.net'. You may need to add 'azenv.net' to ALLOWED_HOSTS.
Invalid HTTP_HOST header: 'api.ipify.org'. You may need to add 'api.ipify.org' to ALLOWED_HOSTS.
Traceback (most recent call last):
  File "/opt/order_system/venv/lib/python3.10/site-packages/django/core/handlers/exception.py", line 55, in inner
    response = get_response(request)
  File "/opt/order_system/venv/lib/python3.10/site-packages/django/utils/deprecation.py", line 119, in __call__
    response = self.process_request(request)
  File "/opt/order_system/venv/lib/python3.10/site-packages/django/middleware/common.py", line 48, in process_request
    host = request.get_host()
  File "/opt/order_system/venv/lib/python3.10/site-packages/django/http/request.py", line 202, in get_host
    raise DisallowedHost(msg)
django.core.exceptions.DisallowedHost: Invalid HTTP_HOST header: 'api.ipify.org'. You may need to add 'api.ipify.org' to ALLOWED_HOSTS.
Invalid HTTP_HOST header: 'www.shadowserver.org'. You may need to add 'www.shadowserver.org' to ALLOWED_HOSTS.
Traceback (most recent call last):
  File "/opt/order_system/venv/lib/python3.10/site-packages/django/core/handlers/exception.py", line 55, in inner
    response = get_response(request)
  File "/opt/order_system/venv/lib/python3.10/site-packages/django/utils/deprecation.py", line 119, in __call__
    response = self.process_request(request)
  File "/opt/order_system/venv/lib/python3.10/site-packages/django/middleware/common.py", line 48, in process_request
    host = request.get_host()
  File "/opt/order_system/venv/lib/python3.10/site-packages/django/http/request.py", line 202, in get_host
    raise DisallowedHost(msg)
django.core.exceptions.DisallowedHost: Invalid HTTP_HOST header: 'www.shadowserver.org'. You may need to add 'www.shadowserver.org' to ALLOWED_HOSTS.
Invalid HTTP_HOST header: 'api.ipify.org:443'. You may need to add 'api.ipify.org' to ALLOWED_HOSTS.
Traceback (most recent call last):
  File "/opt/order_system/venv/lib/python3.10/site-packages/django/core/handlers/exception.py", line 55, in inner
    response = get_response(request)
  File "/opt/order_system/venv/lib/python3.10/site-packages/django/utils/deprecation.py", line 119, in __call__
    response = self.process_request(request)
  File "/opt/order_system/venv/lib/python3.10/site-packages/django/middleware/common.py", line 48, in process_request
    host = request.get_host()
  File "/opt/order_system/venv/lib/python3.10/site-packages/django/http/request.py", line 202, in get_host
    raise DisallowedHost(msg)
django.core.exceptions.DisallowedHost: Invalid HTTP_HOST header: 'api.ipify.org:443'. You may need to add 'api.ipify.org' to ALLOWED_HOSTS.
Invalid HTTP_HOST header: 'api.ipify.org:443'. You may need to add 'api.ipify.org' to ALLOWED_HOSTS.
Traceback (most recent call last):
  File "/opt/order_system/venv/lib/python3.10/site-packages/django/core/handlers/exception.py", line 55, in inner
    response = get_response(request)
  File "/opt/order_system/venv/lib/python3.10/site-packages/django/utils/deprecation.py", line 119, in __call__
    response = self.process_request(request)
  File "/opt/order_system/venv/lib/python3.10/site-packages/django/middleware/common.py", line 48, in process_request
    host = request.get_host()
  File "/opt/order_system/venv/lib/python3.10/site-packages/django/http/request.py", line 202, in get_host
    raise DisallowedHost(msg)
django.core.exceptions.DisallowedHost: Invalid HTTP_HOST header: 'api.ipify.org:443'. You may need to add 'api.ipify.org' to ALLOWED_HOSTS.
Invalid HTTP_HOST header: 'api.ipify.org:443'. You may need to add 'api.ipify.org' to ALLOWED_HOSTS.
Traceback (most recent call last):
  File "/opt/order_system/venv/lib/python3.10/site-packages/django/core/handlers/exception.py", line 55, in inner
    response = get_response(request)
  File "/opt/order_system/venv/lib/python3.10/site-packages/django/utils/deprecation.py", line 119, in __call__
    response = self.process_request(request)
  File "/opt/order_system/venv/lib/python3.10/site-packages/django/middleware/common.py", line 48, in process_request
    host = request.get_host()
  File "/opt/order_system/venv/lib/python3.10/site-packages/django/http/request.py", line 202, in get_host
    raise DisallowedHost(msg)
django.core.exceptions.DisallowedHost: Invalid HTTP_HOST header: 'api.ipify.org:443'. You may need to add 'api.ipify.org' to ALLOWED_HOSTS.
Invalid HTTP_HOST header: 'api.ipify.org:443'. You may need to add 'api.ipify.org' to ALLOWED_HOSTS.
Traceback (most recent call last):
  File "/opt/order_system/venv/lib/python3.10/site-packages/django/core/handlers/exception.py", line 55, in inner
    response = get_response(request)
  File "/opt/order_system/venv/lib/python3.10/site-packages/django/utils/deprecation.py", line 119, in __call__
    response = self.process_request(request)
  File "/opt/order_system/venv/lib/python3.10/site-packages/django/middleware/common.py", line 48, in process_request
    host = request.get_host()
  File "/opt/order_system/venv/lib/python3.10/site-packages/django/http/request.py", line 202, in get_host
    raise DisallowedHost(msg)
django.core.exceptions.DisallowedHost: Invalid HTTP_HOST header: 'api.ipify.org:443'. You may need to add 'api.ipify.org' to ALLOWED_HOSTS.
Invalid HTTP_HOST header: 'api.ipify.org:443'. You may need to add 'api.ipify.org' to ALLOWED_HOSTS.
Traceback (most recent call last):
  File "/opt/order_system/venv/lib/python3.10/site-packages/django/core/handlers/exception.py", line 55, in inner
    response = get_response(request)
  File "/opt/order_system/venv/lib/python3.10/site-packages/django/utils/deprecation.py", line 119, in __call__
    response = self.process_request(request)
  File "/opt/order_system/venv/lib/python3.10/site-packages/django/middleware/common.py", line 48, in process_request
    host = request.get_host()
  File "/opt/order_system/venv/lib/python3.10/site-packages/django/http/request.py", line 202, in get_host
    raise DisallowedHost(msg)
django.core.exceptions.DisallowedHost: Invalid HTTP_HOST header: 'api.ipify.org:443'. You may need to add 'api.ipify.org' to ALLOWED_HOSTS.
Invalid HTTP_HOST header: 'api.ipify.org:443'. You may need to add 'api.ipify.org' to ALLOWED_HOSTS.
Traceback (most recent call last):
  File "/opt/order_system/venv/lib/python3.10/site-packages/django/core/handlers/exception.py", line 55, in inner
    response = get_response(request)
  File "/opt/order_system/venv/lib/python3.10/site-packages/django/utils/deprecation.py", line 119, in __call__
    response = self.process_request(request)
  File "/opt/order_system/venv/lib/python3.10/site-packages/django/middleware/common.py", line 48, in process_request
    host = request.get_host()
  File "/opt/order_system/venv/lib/python3.10/site-packages/django/http/request.py", line 202, in get_host
    raise DisallowedHost(msg)
django.core.exceptions.DisallowedHost: Invalid HTTP_HOST header: 'api.ipify.org:443'. You may need to add 'api.ipify.org' to ALLOWED_HOSTS.
Invalid HTTP_HOST header: 'api.ipify.org:443'. You may need to add 'api.ipify.org' to ALLOWED_HOSTS.
Traceback (most recent call last):
  File "/opt/order_system/venv/lib/python3.10/site-packages/django/core/handlers/exception.py", line 55, in inner
    response = get_response(request)
  File "/opt/order_system/venv/lib/python3.10/site-packages/django/utils/deprecation.py", line 119, in __call__
    response = self.process_request(request)
  File "/opt/order_system/venv/lib/python3.10/site-packages/django/middleware/common.py", line 48, in process_request
    host = request.get_host()
  File "/opt/order_system/venv/lib/python3.10/site-packages/django/http/request.py", line 202, in get_host
    raise DisallowedHost(msg)
django.core.exceptions.DisallowedHost: Invalid HTTP_HOST header: 'api.ipify.org:443'. You may need to add 'api.ipify.org' to ALLOWED_HOSTS.
Invalid HTTP_HOST header: 'api.ipify.org:443'. You may need to add 'api.ipify.org' to ALLOWED_HOSTS.
Traceback (most recent call last):
  File "/opt/order_system/venv/lib/python3.10/site-packages/django/core/handlers/exception.py", line 55, in inner
    response = get_response(request)
  File "/opt/order_system/venv/lib/python3.10/site-packages/django/utils/deprecation.py", line 119, in __call__
    response = self.process_request(request)
  File "/opt/order_system/venv/lib/python3.10/site-packages/django/middleware/common.py", line 48, in process_request
    host = request.get_host()
  File "/opt/order_system/venv/lib/python3.10/site-packages/django/http/request.py", line 202, in get_host
    raise DisallowedHost(msg)
django.core.exceptions.DisallowedHost: Invalid HTTP_HOST header: 'api.ipify.org:443'. You may need to add 'api.ipify.org' to ALLOWED_HOSTS.
Invalid HTTP_HOST header: 'azenv.net'. You may need to add 'azenv.net' to ALLOWED_HOSTS.
Traceback (most recent call last):
  File "/opt/order_system/venv/lib/python3.10/site-packages/django/core/handlers/exception.py", line 55, in inner
    response = get_response(request)
  File "/opt/order_system/venv/lib/python3.10/site-packages/django/utils/deprecation.py", line 119, in __call__
    response = self.process_request(request)
  File "/opt/order_system/venv/lib/python3.10/site-packages/django/middleware/common.py", line 48, in process_request
    host = request.get_host()
  File "/opt/order_system/venv/lib/python3.10/site-packages/django/http/request.py", line 202, in get_host
    raise DisallowedHost(msg)
django.core.exceptions.DisallowedHost: Invalid HTTP_HOST header: 'azenv.net'. You may need to add 'azenv.net' to ALLOWED_HOSTS.
